<?xml version="1.0" encoding="UTF-8"?>
<!-- Generated by org.testng.reporters.JUnitXMLReporter -->
<testsuite ignored="2" hostname="DESKTOP-VSPPNLI" failures="0" tests="4" name="Test" time="87.484" errors="0" timestamp="2022-04-28T23:58:17 IST">
  <testcase classname="testingbaba_test.Testingbaba_textbox_test" name="clickonElements" time="0.145"/>
  <testcase classname="testingbaba_test.Testingbaba_textbox_test" name="clickontextbox" time="0.417"/>
  <testcase classname="testingbaba_test.Testingbaba_textbox_test" name="filldetails" time="2.073"/>
  <testcase classname="testingbaba_test.Testingbaba_loginTest" name="gettitle" time="0.071"/>
  <testcase classname="basedriver.BaseLibrary" name="@AfterTest Teardown" time="0.0">
    <ignored/>
  </testcase> <!-- @AfterTest Teardown -->
  <testcase classname="testingbaba_test.Testingbaba_loginTest" name="closebtn" time="0.0">
    <ignored/>
  </testcase> <!-- closebtn -->
</testsuite> <!-- Test -->
