<?xml version="1.0" encoding="UTF-8"?>
<!-- Generated by org.testng.reporters.JUnitXMLReporter -->
<testsuite ignored="0" hostname="DESKTOP-VSPPNLI" failures="0" tests="4" name="Default test" time="47.562" errors="0" timestamp="2022-05-20T12:54:28 IST">
  <testcase classname="testing_test.Testing_textbox_test" name="clickonElements" time="0.141"/>
  <testcase classname="testing_test.Testing_textbox_test" name="clickontextbox" time="0.511"/>
  <testcase classname="testing_test.Testing_textbox_test" name="filldetails" time="1.92"/>
  <testcase classname="testing_test.Testing_textbox_test" name="getverifytextboxData" time="0.34"/>
</testsuite> <!-- Default test -->
